proguard/seeds.txt
net.chinawuyue.mls.InterceptScrollContainer
net.chinawuyue.mls.InterceptScrollContainer: InterceptScrollContainer(android.content.Context,android.util.AttributeSet)
net.chinawuyue.mls.InterceptScrollContainer: InterceptScrollContainer(android.content.Context)
net.chinawuyue.mls.MainActivity
net.chinawuyue.mls.MainActivity: MainActivity()
net.chinawuyue.mls.MyHScrollView
net.chinawuyue.mls.MyHScrollView: MyHScrollView(android.content.Context,android.util.AttributeSet,int)
net.chinawuyue.mls.MyHScrollView: MyHScrollView(android.content.Context,android.util.AttributeSet)
net.chinawuyue.mls.MyHScrollView: MyHScrollView(android.content.Context)
net.chinawuyue.mls.R$array: int report_business_survey
net.chinawuyue.mls.R$array: int report_loan_analysis1
net.chinawuyue.mls.R$array: int report_loan_analysis2
net.chinawuyue.mls.R$array: int report_loan_analysis3
net.chinawuyue.mls.R$array: int report_loan_balance
net.chinawuyue.mls.R$array: int report_subject_balance
net.chinawuyue.mls.R$attr: int actionBarDivider
net.chinawuyue.mls.R$attr: int actionBarItemBackground
net.chinawuyue.mls.R$attr: int actionBarSize
net.chinawuyue.mls.R$attr: int actionBarSplitStyle
net.chinawuyue.mls.R$attr: int actionBarStyle
net.chinawuyue.mls.R$attr: int actionBarTabBarStyle
net.chinawuyue.mls.R$attr: int actionBarTabStyle
net.chinawuyue.mls.R$attr: int actionBarTabTextStyle
net.chinawuyue.mls.R$attr: int actionBarWidgetTheme
net.chinawuyue.mls.R$attr: int actionButtonStyle
net.chinawuyue.mls.R$attr: int actionDropDownStyle
net.chinawuyue.mls.R$attr: int actionMenuTextAppearance
net.chinawuyue.mls.R$attr: int actionMenuTextColor
net.chinawuyue.mls.R$attr: int actionModeBackground
net.chinawuyue.mls.R$attr: int actionModeCloseButtonStyle
net.chinawuyue.mls.R$attr: int actionModeCloseDrawable
net.chinawuyue.mls.R$attr: int actionModePopupWindowStyle
net.chinawuyue.mls.R$attr: int actionModeShareDrawable
net.chinawuyue.mls.R$attr: int actionModeSplitBackground
net.chinawuyue.mls.R$attr: int actionModeStyle
net.chinawuyue.mls.R$attr: int actionOverflowButtonStyle
net.chinawuyue.mls.R$attr: int actionSpinnerItemStyle
net.chinawuyue.mls.R$attr: int activatedBackgroundIndicator
net.chinawuyue.mls.R$attr: int activityChooserViewStyle
net.chinawuyue.mls.R$attr: int background
net.chinawuyue.mls.R$attr: int backgroundSplit
net.chinawuyue.mls.R$attr: int backgroundStacked
net.chinawuyue.mls.R$attr: int buttonStyleSmall
net.chinawuyue.mls.R$bool: int abs__action_bar_embed_tabs
net.chinawuyue.mls.R$bool: int abs__action_bar_expanded_action_views_exclusive
net.chinawuyue.mls.R$bool: int abs__config_actionMenuItemAllCaps
net.chinawuyue.mls.R$bool: int abs__config_allowActionMenuItemTextWithIcon
net.chinawuyue.mls.R$bool: int abs__config_showMenuShortcutsWhenKeyboardPresent
net.chinawuyue.mls.R$bool: int abs__split_action_bar_is_narrow
...
com.actionbarsherlock.internal.widget.AbsActionBarView: AbsActionBarView(android.content.Context)
com.actionbarsherlock.internal.widget.AbsActionBarView: AbsActionBarView(android.content.Context,android.util.AttributeSet)
com.actionbarsherlock.internal.widget.AbsActionBarView: AbsActionBarView(android.content.Context,android.util.AttributeSet,int)
com.actionbarsherlock.internal.widget.AbsActionBarView: void setSplitActionBar(boolean)
com.actionbarsherlock.internal.widget.AbsActionBarView: void setSplitWhenNarrow(boolean)
com.actionbarsherlock.internal.widget.AbsActionBarView: void setContentHeight(int)
com.actionbarsherlock.internal.widget.AbsActionBarView: int getContentHeight()
com.actionbarsherlock.internal.widget.AbsActionBarView: void setSplitView(com.actionbarsherlock.internal.widget.ActionBarContainer)
com.actionbarsherlock.internal.widget.AbsActionBarView: int getAnimatedVisibility()
com.actionbarsherlock.internal.widget.AbsActionBarView: void setVisibility(int)
com.actionbarsherlock.internal.widget.ActionBarContainer
com.actionbarsherlock.internal.widget.ActionBarContainer: ActionBarContainer(android.content.Context)
com.actionbarsherlock.internal.widget.ActionBarContainer: ActionBarContainer(android.content.Context,android.util.AttributeSet)
com.actionbarsherlock.internal.widget.ActionBarContainer: void setPrimaryBackground(android.graphics.drawable.Drawable)
com.actionbarsherlock.internal.widget.ActionBarContainer: void setStackedBackground(android.graphics.drawable.Drawable)
com.actionbarsherlock.internal.widget.ActionBarContainer: void setSplitBackground(android.graphics.drawable.Drawable)
com.actionbarsherlock.internal.widget.ActionBarContainer: void setTransitioning(boolean)
com.actionbarsherlock.internal.widget.ActionBarContainer: void setTabContainer(com.actionbarsherlock.internal.widget.ScrollingTabContainerView)
com.actionbarsherlock.internal.widget.ActionBarContainer: android.view.View getTabContainer()
com.actionbarsherlock.internal.widget.ActionBarContextView
com.actionbarsherlock.internal.widget.ActionBarContextView: ActionBarContextView(android.content.Context)
com.actionbarsherlock.internal.widget.ActionBarContextView: ActionBarContextView(android.content.Context,android.util.AttributeSet)
com.actionbarsherlock.internal.widget.ActionBarContextView: ActionBarContextView(android.content.Context,android.util.AttributeSet,int)
com.actionbarsherlock.internal.widget.ActionBarContextView: void setSplitActionBar(boolean)
com.actionbarsherlock.internal.widget.ActionBarContextView: void setContentHeight(int)
com.actionbarsherlock.internal.widget.ActionBarContextView: void setCustomView(android.view.View)
com.actionbarsherlock.internal.widget.ActionBarContextView: void setTitle(java.lang.CharSequence)
com.actionbarsherlock.internal.widget.ActionBarContextView: void setSubtitle(java.lang.CharSequence)
com.actionbarsherlock.internal.widget.ActionBarContextView: java.lang.CharSequence getTitle()
com.actionbarsherlock.internal.widget.ActionBarContextView: java.lang.CharSequence getSubtitle()