proguard/mapping.txt
net.chinawuyue.mls.InterceptScrollContainer -> net.chinawuyue.mls.InterceptScrollContainer:
    boolean onInterceptTouchEvent(android.view.MotionEvent) -> onInterceptTouchEvent
net.chinawuyue.mls.MainActivity -> net.chinawuyue.mls.MainActivity:
    net.simonvt.menudrawer.MenuDrawer mMenuDrawer -> d
    net.chinawuyue.mls.MainActivity$MenuAdapter mAdapter -> e
    android.widget.ListView mList -> f
    com.actionbarsherlock.view.Menu menu -> g
    net.chinawuyue.mls.todo.Todo todo -> h
    net.chinawuyue.mls.before_loan.BeforeLoan beforeLoan -> i
    net.chinawuyue.mls.reports.BaseReport reports -> j
    net.chinawuyue.mls.board.BoardReport boardReport -> k
    net.chinawuyue.mls.sys.ChangePwd changePwd -> l
    net.chinawuyue.mls.after_loan.AfterLoan afterLoan -> m
    int currentContent -> n
    net.chinawuyue.mls.reports.BaseReport$ReportType reportType -> o
    net.chinawuyue.mls.reports.ReportSettingDialog dialog -> p
    boolean isMenuOpened -> q
    java.lang.String COUNT1 -> a
    java.lang.String COUNT2 -> b
    android.view.GestureDetector gd -> c
    android.widget.AdapterView$OnItemClickListener mItemClickListener -> r
    void onCreate(android.os.Bundle) -> onCreate
    void onConfigurationChanged(android.content.res.Configuration) -> onConfigurationChanged
    void onSaveInstanceState(android.os.Bundle) -> onSaveInstanceState
    boolean onCreateOptionsMenu(com.actionbarsherlock.view.Menu) -> a
    void showMenu() -> d
    boolean onOptionsItemSelected(com.actionbarsherlock.view.MenuItem) -> a
    boolean onKeyDown(int,android.view.KeyEvent) -> onKeyDown
    void setTodoView() -> e
net.chinawuyue.mls.MainActivity$1 -> net.chinawuyue.mls.a:
    net.chinawuyue.mls.MainActivity this$0 -> a
    boolean onSingleTapUp(android.view.MotionEvent) -> onSingleTapUp
    void onShowPress(android.view.MotionEvent) -> onShowPress
    boolean onScroll(android.view.MotionEvent,android.view.MotionEvent,float,float) -> onScroll
    void onLongPress(android.view.MotionEvent) -> onLongPress
    boolean onFling(android.view.MotionEvent,android.view.MotionEvent,float,float) -> onFling
    boolean onDown(android.view.MotionEvent) -> onDown
net.chinawuyue.mls.MainActivity$2 -> net.chinawuyue.mls.b:
    net.chinawuyue.mls.MainActivity this$0 -> a
    void onItemClick(android.widget.AdapterView,android.view.View,int,long) -> onItemClick
net.chinawuyue.mls.MainActivity$3 -> net.chinawuyue.mls.c:
    net.chinawuyue.mls.MainActivity this$0 -> a
    boolean isViewDraggable(android.view.View,int,int,int) -> a
net.chinawuyue.mls.MainActivity$4 -> net.chinawuyue.mls.d:
    net.chinawuyue.mls.MainActivity this$0 -> a
    boolean onTouch(android.view.View,android.view.MotionEvent) -> onTouch
net.chinawuyue.mls.MainActivity$5 -> net.chinawuyue.mls.e:
    net.chinawuyue.mls.MainActivity this$0 -> a
    void onDrawerStateChange(int,int) -> a
    void onDrawerSlide(float,int) -> a
net.chinawuyue.mls.MainActivity$6 -> net.chinawuyue.mls.f:
    net.chinawuyue.mls.MainActivity this$0 -> a
    boolean onTouch(android.view.View,android.view.MotionEvent) -> onTouch
net.chinawuyue.mls.MainActivity$Item -> net.chinawuyue.mls.g:
    java.lang.String mTitle -> a
    int mIconRes -> b
net.chinawuyue.mls.MainActivity$MenuAdapter -> net.chinawuyue.mls.h:
    java.util.List mItems -> b
    net.chinawuyue.mls.MainActivity this$0 -> a
    int getCount() -> getCount
    java.lang.Object getItem(int) -> getItem
    long getItemId(int) -> getItemId
    int getItemViewType(int) -> getItemViewType
    int getViewTypeCount() -> getViewTypeCount
    boolean isEnabled(int) -> isEnabled
    boolean areAllItemsEnabled() -> areAllItemsEnabled
    android.view.View getView(int,android.view.View,android.view.ViewGroup) -> getView
...
com.actionbarsherlock.internal.widget.IcsProgressBar$AccessibilityEventSender -> com.actionbarsherlock.internal.widget.aa:
    com.actionbarsherlock.internal.widget.IcsProgressBar this$0 -> a
    void run() -> run
com.actionbarsherlock.internal.widget.IcsProgressBar$RefreshProgressRunnable -> com.actionbarsherlock.internal.widget.ab:
    int mId -> b
    int mProgress -> c
    boolean mFromUser -> d
    com.actionbarsherlock.internal.widget.IcsProgressBar this$0 -> a
    void run() -> run
    void setup(int,int,boolean) -> a
com.actionbarsherlock.internal.widget.IcsProgressBar$SavedState -> com.actionbarsherlock.internal.widget.IcsProgressBar$SavedState:
    int progress -> a
    int secondaryProgress -> b
    android.os.Parcelable$Creator CREATOR -> CREATOR
    void writeToParcel(android.os.Parcel,int) -> writeToParcel
com.actionbarsherlock.internal.widget.IcsProgressBar$SavedState$1 -> com.actionbarsherlock.internal.widget.ac:
    com.actionbarsherlock.internal.widget.IcsProgressBar$SavedState createFromParcel(android.os.Parcel) -> a
    com.actionbarsherlock.internal.widget.IcsProgressBar$SavedState[] newArray(int) -> a
    java.lang.Object createFromParcel(android.os.Parcel) -> createFromParcel
    java.lang.Object[] newArray(int) -> newArray
com.actionbarsherlock.internal.widget.IcsSpinner -> com.actionbarsherlock.internal.widget.ad:
    com.actionbarsherlock.internal.widget.IcsSpinner$SpinnerPopup mPopup -> G
    com.actionbarsherlock.internal.widget.IcsSpinner$DropDownAdapter mTempAdapter -> H
    int mDropDownWidth -> F
    int mGravity -> I
    boolean mDisableChildrenWhenDisabled -> J
    android.graphics.Rect mTempRect -> K
    void setEnabled(boolean) -> setEnabled
    void setGravity(int) -> setGravity
    void setAdapter(android.widget.SpinnerAdapter) -> setAdapter
    int getBaseline() -> getBaseline
    void onDetachedFromWindow() -> onDetachedFromWindow
    void setOnItemClickListener(android.widget.AdapterView$OnItemClickListener) -> setOnItemClickListener
    void onMeasure(int,int) -> onMeasure
    void onLayout(boolean,int,int,int,int) -> onLayout
    void layout(int,boolean) -> b
    android.view.View makeAndAddView(int) -> b
    void setUpChild(android.view.View) -> setUpChild
    boolean performClick() -> performClick
    void onClick(android.content.DialogInterface,int) -> onClick
    void setPrompt(java.lang.CharSequence) -> setPrompt
    void setPromptId(int) -> setPromptId
    java.lang.CharSequence getPrompt() -> getPrompt
    int measureContentWidth(android.widget.SpinnerAdapter,android.graphics.drawable.Drawable) -> a
    android.graphics.Rect access$0(com.actionbarsherlock.internal.widget.IcsSpinner) -> a
com.actionbarsherlock.internal.widget.IcsSpinner$DropDownAdapter -> com.actionbarsherlock.internal.widget.ae:
    android.widget.SpinnerAdapter mAdapter -> a
    android.widget.ListAdapter mListAdapter -> b
    int getCount() -> getCount
    java.lang.Object getItem(int) -> getItem
    long getItemId(int) -> getItemId
    android.view.View getView(int,android.view.View,android.view.ViewGroup) -> getView
    android.view.View getDropDownView(int,android.view.View,android.view.ViewGroup) -> getDropDownView
    boolean hasStableIds() -> hasStableIds
    void registerDataSetObserver(android.database.DataSetObserver) -> registerDataSetObserver
    void unregisterDataSetObserver(android.database.DataSetObserver) -> unregisterDataSetObserver
    boolean areAllItemsEnabled() -> areAllItemsEnabled
    boolean isEnabled(int) -> isEnabled
    int getItemViewType(int) -> getItemViewType
    int getViewTypeCount() -> getViewTypeCount
    boolean isEmpty() -> isEmpty