proguard/usage.txt
net.chinawuyue.mls.BuildConfig
net.chinawuyue.mls.Constant
net.chinawuyue.mls.Constant$AfterLoanConstan
net.chinawuyue.mls.Constant$BeforeLoanConstan
net.chinawuyue.mls.MainActivity:
    private static final java.lang.String TAG
    private static final java.lang.String STATE_ACTIVE_POSITION
    private static final int ITEM1
    private static final int ITEM2
    private static final int ITEM3
    private static final int ITEM4
    private static final int ITEM5
    private static final int ITEM6
    private static final int ITEM7
net.chinawuyue.mls.MainActivity$1:
    private static final int MIN_DISTANCE
net.chinawuyue.mls.MyHScrollView:
    62:63:public void RemoveOnScrollChangedListener(net.chinawuyue.mls.MyHScrollView$OnScrollChangedListener)
net.chinawuyue.mls.MyHScrollView$ScrollViewObserver:
    89:90:public void RemoveOnScrollChangedListener(net.chinawuyue.mls.MyHScrollView$OnScrollChangedListener)
net.chinawuyue.mls.R
net.chinawuyue.mls.R$array
net.chinawuyue.mls.R$attr
net.chinawuyue.mls.R$bool
net.chinawuyue.mls.R$color
net.chinawuyue.mls.R$dimen
net.chinawuyue.mls.R$drawable
net.chinawuyue.mls.R$id
net.chinawuyue.mls.R$integer
net.chinawuyue.mls.R$layout
net.chinawuyue.mls.R$string
net.chinawuyue.mls.R$style
net.chinawuyue.mls.R$styleable
net.chinawuyue.mls.XListView:
    private static final int SCROLLBACK_HEADER
    private static final int SCROLLBACK_FOOTER
    private static final int SCROLL_DURATION
    private static final int PULL_LOAD_MORE_DELTA
    private static final float OFFSET_RADIO
net.chinawuyue.mls.XListViewFooter:
    public static final int STATE_NORMAL
    public static final int STATE_READY
    public static final int STATE_LOADING
    33:35:public XListViewFooter(android.content.Context,android.util.AttributeSet)
    70:72:public void normal()
    79:81:public void loading()
net.chinawuyue.mls.XListViewHeader:
    public static final int STATE_NORMAL
    public static final int STATE_READY
    public static final int STATE_REFRESHING
    47:49:public XListViewHeader(android.content.Context,android.util.AttributeSet)
net.chinawuyue.mls.after_loan.AfterLoan:
    private static final java.lang.String TAG
net.chinawuyue.mls.after_loan.AfterLoanCommonObject:
    72:73:public void setCustomerID(java.lang.String)
    80:81:public void setCustomerName(java.lang.String)
    88:89:public void setInputUserName(java.lang.String)
    96:97:public void setInputOrgName(java.lang.String)
    104:105:public void setUpdateDate(java.lang.String)
    112:113:public void setInspectTypeName(java.lang.String)
    120:121:public void setInspectDate(java.lang.String)
    128:129:public void setInspectUserID(java.lang.String)
    136:137:public void setIiSerialNo(java.lang.String)
net.chinawuyue.mls.after_loan.AfterLoanObject:
    111:112:public void setCustomerID(java.lang.String)
    121:122:public void setSerialNO(java.lang.String)
    131:132:public void setCustomerName(java.lang.String)
    141:142:public void setBusinessType(java.lang.String)
    151:152:public void setBusinessSUM(java.lang.String)
    161:162:public void setBalance(java.lang.String)
    171:172:public void setPutoutDate(java.lang.String)
    181:182:public void setMaturity(java.lang.String)
    191:192:public void setInspectDateName(java.lang.String)
    201:202:public void setInputUserName(java.lang.String)
    211:212:public void setInputOrgName(java.lang.String)
    219:220:public void setIiSerialNo(java.lang.String)
net.chinawuyue.mls.after_loan.AfterLoanReportActivity:
    private static final int ITEM1
net.chinawuyue.mls.after_loan.AfterLoanRequest$ListRequest:
    33:37:public AfterLoanRequest$ListRequest(net.chinawuyue.mls.after_loan.AfterLoanRequest,java.lang.String,java.lang.String,java.lang.String)
    48:48:public java.lang.String getUSERID()
    56:56:public java.lang.String getINSPECTTYPE()
...
com.actionbarsherlock.internal.widget.IcsAdapterView$AdapterContextMenuInfo
com.actionbarsherlock.internal.widget.IcsAdapterView$AdapterDataSetObserver:
    807:808:public void clearSavedState()
com.actionbarsherlock.internal.widget.IcsAdapterView$OnItemLongClickListener:
    public abstract boolean onItemLongClick(com.actionbarsherlock.internal.widget.IcsAdapterView,android.view.View,int,long)
com.actionbarsherlock.internal.widget.IcsColorDrawable:
    25:27:public IcsColorDrawable(int)
com.actionbarsherlock.internal.widget.IcsLinearLayout:
    private static final int LinearLayout_divider
    private static final int LinearLayout_showDividers
    private static final int LinearLayout_dividerPadding
    public static final int SHOW_DIVIDER_NONE
    public static final int SHOW_DIVIDER_BEGINNING
    public static final int SHOW_DIVIDER_MIDDLE
    public static final int SHOW_DIVIDER_END
com.actionbarsherlock.internal.widget.IcsListPopupWindow:
    private static final int EXPAND_LIST_TIMEOUT
    public static final int POSITION_PROMPT_ABOVE
    public static final int POSITION_PROMPT_BELOW
    78:79:public IcsListPopupWindow(android.content.Context)
com.actionbarsherlock.internal.widget.IcsProgressBar:
    private static final int MAX_LEVEL
    private static final int ANIMATION_RESOLUTION
    private static final int TIMEOUT_SEND_ACCESSIBILITY_EVENT
    private static final int ProgressBar_maxWidth
    private static final int ProgressBar_maxHeight
    private static final int ProgressBar_max
    private static final int ProgressBar_progress
    private static final int ProgressBar_secondaryProgress
    private static final int ProgressBar_indeterminate
    private static final int ProgressBar_indeterminateOnly
    private static final int ProgressBar_indeterminateDrawable
    private static final int ProgressBar_progressDrawable
    private static final int ProgressBar_indeterminateDuration
    private static final int ProgressBar_indeterminateBehavior
    private static final int ProgressBar_minWidth
    private static final int ProgressBar_minHeight
    private static final int ProgressBar_interpolator
    private static final int ProgressBar_animationResolution
    265:266:public IcsProgressBar(android.content.Context)
    269:270:public IcsProgressBar(android.content.Context,android.util.AttributeSet)
    273:274:public IcsProgressBar(android.content.Context,android.util.AttributeSet,int)
    457:457:public synchronized boolean isIndeterminate()
    818:819:public final synchronized void incrementProgressBy(int)
    829:830:public final synchronized void incrementSecondaryProgressBy(int)
com.actionbarsherlock.internal.widget.IcsSpinner:
    private static final int MAX_ITEMS_MEASURED
    public static final int MODE_DROPDOWN
    82:83:public IcsSpinner(android.content.Context,android.util.AttributeSet)
com.actionbarsherlock.internal.widget.IcsToast:
    public static final int LENGTH_LONG
    public static final int LENGTH_SHORT
    private static final java.lang.String TAG
    38:38:public static android.widget.Toast makeText(android.content.Context,int,int)
com.actionbarsherlock.internal.widget.IcsView
com.actionbarsherlock.internal.widget.PopupWindowCompat:
    69:71:public PopupWindowCompat(android.content.Context)
    74:76:public PopupWindowCompat(android.content.Context,android.util.AttributeSet)
    90:92:public PopupWindowCompat(int,int)
    95:97:public PopupWindowCompat(android.view.View)
    100:102:public PopupWindowCompat(android.view.View,int,int,boolean)
    105:107:public PopupWindowCompat(android.view.View,int,int)